This is e-pTeX, Version 3.1415926-p3.2-110825-2.3 (sjis) (TeX Live 2011/W32TeX) (format=platex 2011.12.21)  15 MAY 2012 15:26
entering extended mode
 restricted \write18 enabled.
 %&-line parsing enabled.
**ClassNamePrint.tex
(./ClassNamePrint.tex
pLaTeX2e <2006/11/10>+0 (based on LaTeX2e <2011/06/27> patch level 0)
Babel <v3.8m> and hyphenation patterns for english, german-x-2009-06-19, ngerma
n-x-2009-06-19, afrikaans, ancientgreek, ibycus, arabic, armenian, basque, bulg
arian, catalan, pinyin, coptic, croatian, czech, danish, dutch, ukenglish, usen
glishmax, esperanto, estonian, ethiopic, farsi, finnish, french, galician, germ
an, ngerman, swissgerman, monogreek, greek, hungarian, icelandic, assamese, ben
gali, gujarati, hindi, kannada, malayalam, marathi, oriya, panjabi, tamil, telu
gu, indonesian, interlingua, irish, italian, kurmanji, lao, latin, latvian, lit
huanian, mongolian, mongolianlmc, bokmal, nynorsk, polish, portuguese, romanian
, russian, sanskrit, serbian, serbianc, slovak, slovenian, spanish, swedish, tu
rkish, turkmen, ukrainian, uppersorbian, welsh, dumylang, nohyphenation, loaded
.
(c:/w32tex/share/texmf/tex/latex/base/article.cls
Document Class: article 2007/10/19 v1.4h Standard LaTeX document class
(c:/w32tex/share/texmf/tex/latex/base/size10.clo
File: size10.clo 2007/10/19 v1.4h Standard LaTeX file (size option)
)
\c@part=\count81
\c@section=\count82
\c@subsection=\count83
\c@subsubsection=\count84
\c@paragraph=\count85
\c@subparagraph=\count86
\c@figure=\count87
\c@table=\count88
\abovecaptionskip=\skip41
\belowcaptionskip=\skip42
\bibindent=\dimen118
)
No file ClassNamePrint.aux.
\openout1 = `ClassNamePrint.aux'.

LaTeX Font Info:    Checking defaults for OML/cmm/m/it on input line 16.
LaTeX Font Info:    ... okay on input line 16.
LaTeX Font Info:    Checking defaults for T1/cmr/m/n on input line 16.
LaTeX Font Info:    ... okay on input line 16.
LaTeX Font Info:    Checking defaults for OT1/cmr/m/n on input line 16.
LaTeX Font Info:    ... okay on input line 16.
LaTeX Font Info:    Checking defaults for OMS/cmsy/m/n on input line 16.
LaTeX Font Info:    ... okay on input line 16.
LaTeX Font Info:    Checking defaults for OMX/cmex/m/n on input line 16.
LaTeX Font Info:    ... okay on input line 16.
LaTeX Font Info:    Checking defaults for U/cmr/m/n on input line 16.
LaTeX Font Info:    ... okay on input line 16.
LaTeX Font Info:    Checking defaults for JY1/mc/m/n on input line 16.
LaTeX Font Info:    ... okay on input line 16.
LaTeX Font Info:    Checking defaults for JT1/mc/m/n on input line 16.
LaTeX Font Info:    ... okay on input line 16.
LaTeX Font Info:    External font `cmex10' loaded for size
(Font)              <7> on input line 24.
LaTeX Font Info:    External font `cmex10' loaded for size
(Font)              <5> on input line 24.

Overfull \hbox (169.2891pt too wide) in paragraph at lines 24--70
[][] 
 []

[1

]
Overfull \hbox (169.2891pt too wide) in paragraph at lines 79--125
[][] 
 []

[2]
Overfull \hbox (168.45578pt too wide) in paragraph at lines 134--180
[][] 
 []

[3]
Overfull \hbox (168.45578pt too wide) in paragraph at lines 189--235
[][] 
 []

[4]
Overfull \hbox (168.45578pt too wide) in paragraph at lines 244--290
[][] 
 []

[5] (./ClassNamePrint.aux) ) 
Here is how much of TeX's memory you used:
 199 strings out of 494060
 2107 string characters out of 3159717
 62641 words of memory out of 3000000
 3715 multiletter control sequences out of 15000+200000
 7511 words of font info for 31 fonts, out of 3000000 for 9000
 745 hyphenation exceptions out of 8191
 22i,6n,19p,145b,157s stack positions out of 5000i,500n,10000p,500000b,50000s

Output written on ClassNamePrint.dvi (5 pages, 20936 bytes).
